<?xml version="1.0" encoding="UTF-8"?>
<coverage generated="1693737941252" clover="3.2.0">
  <project timestamp="1693737941253" name="All files">
    <metrics statements="17" coveredstatements="17" conditionals="4" coveredconditionals="0" methods="3" coveredmethods="3" elements="24" coveredelements="20" complexity="0" loc="17" ncloc="17" packages="1" files="1" classes="1"/>
    <file name="Auth.ts" path="C:\Users\User\Documents\GitHub\DeliveryApp\core\src\common\domain\useCasees\Auth.ts">
      <metrics statements="17" coveredstatements="17" conditionals="4" coveredconditionals="0" methods="3" coveredmethods="3"/>
      <line num="6" count="1" type="stmt"/>
      <line num="8" count="1" type="stmt"/>
      <line num="9" count="1" type="stmt"/>
      <line num="10" count="1" type="stmt"/>
      <line num="11" count="1" type="stmt"/>
      <line num="15" count="1" type="stmt"/>
      <line num="16" count="1" type="cond" truecount="0" falsecount="1"/>
      <line num="17" count="1" type="stmt"/>
      <line num="18" count="1" type="cond" truecount="0" falsecount="1"/>
      <line num="19" count="1" type="stmt"/>
      <line num="21" count="1" type="stmt"/>
      <line num="25" count="1" type="stmt"/>
      <line num="26" count="1" type="cond" truecount="0" falsecount="1"/>
      <line num="27" count="1" type="stmt"/>
      <line num="28" count="1" type="cond" truecount="0" falsecount="1"/>
      <line num="29" count="1" type="stmt"/>
      <line num="31" count="1" type="stmt"/>
    </file>
  </project>
</coverage>
