{"C:\\Users\\User\\Documents\\GitHub\\DeliveryApp\\core\\src\\common\\domain\\useCasees\\Auth.ts": {"path":"C:\\Users\\User\\Documents\\GitHub\\DeliveryApp\\core\\src\\common\\domain\\useCasees\\Auth.ts","statementMap":{"0":{"start":{"line":8,"column":13},"end":{"line":8,"column":51}},"1":{"start":{"line":9,"column":13},"end":{"line":9,"column":47}},"2":{"start":{"line":10,"column":13},"end":{"line":10,"column":45}},"3":{"start":{"line":11,"column":13},"end":{"line":11,"column":39}},"4":{"start":{"line":15,"column":17},"end":{"line":15,"column":79}},"5":{"start":{"line":16,"column":4},"end":{"line":16,"column":61}},"6":{"start":{"line":16,"column":15},"end":{"line":16,"column":61}},"7":{"start":{"line":17,"column":22},"end":{"line":17,"column":89}},"8":{"start":{"line":18,"column":4},"end":{"line":18,"column":52}},"9":{"start":{"line":18,"column":20},"end":{"line":18,"column":52}},"10":{"start":{"line":19,"column":24},"end":{"line":19,"column":69}},"11":{"start":{"line":21,"column":4},"end":{"line":21,"column":40}},"12":{"start":{"line":25,"column":17},"end":{"line":25,"column":75}},"13":{"start":{"line":26,"column":4},"end":{"line":26,"column":61}},"14":{"start":{"line":26,"column":15},"end":{"line":26,"column":61}},"15":{"start":{"line":27,"column":22},"end":{"line":27,"column":89}},"16":{"start":{"line":28,"column":4},"end":{"line":28,"column":52}},"17":{"start":{"line":28,"column":20},"end":{"line":28,"column":52}},"18":{"start":{"line":29,"column":24},"end":{"line":29,"column":69}},"19":{"start":{"line":31,"column":4},"end":{"line":31,"column":40}},"20":{"start":{"line":6,"column":0},"end":{"line":6,"column":13}}},"fnMap":{"0":{"name":"(anonymous_7)","decl":{"start":{"line":7,"column":2},"end":{"line":7,"column":null}},"loc":{"start":{"line":11,"column":39},"end":{"line":12,"column":6}}},"1":{"name":"(anonymous_8)","decl":{"start":{"line":14,"column":8},"end":{"line":14,"column":21}},"loc":{"start":{"line":14,"column":56},"end":{"line":22,"column":null}}},"2":{"name":"(anonymous_10)","decl":{"start":{"line":24,"column":8},"end":{"line":24,"column":19}},"loc":{"start":{"line":24,"column":54},"end":{"line":32,"column":null}}}},"branchMap":{"0":{"loc":{"start":{"line":16,"column":4},"end":{"line":16,"column":61}},"type":"if","locations":[{"start":{"line":16,"column":4},"end":{"line":16,"column":61}}]},"1":{"loc":{"start":{"line":18,"column":4},"end":{"line":18,"column":52}},"type":"if","locations":[{"start":{"line":18,"column":4},"end":{"line":18,"column":52}}]},"2":{"loc":{"start":{"line":26,"column":4},"end":{"line":26,"column":61}},"type":"if","locations":[{"start":{"line":26,"column":4},"end":{"line":26,"column":61}}]},"3":{"loc":{"start":{"line":28,"column":4},"end":{"line":28,"column":52}},"type":"if","locations":[{"start":{"line":28,"column":4},"end":{"line":28,"column":52}}]}},"s":{"0":1,"1":1,"2":1,"3":1,"4":1,"5":1,"6":0,"7":1,"8":1,"9":0,"10":1,"11":1,"12":1,"13":1,"14":0,"15":1,"16":1,"17":0,"18":1,"19":1,"20":1},"f":{"0":1,"1":1,"2":1},"b":{"0":[0],"1":[0],"2":[0],"3":[0]}}
}
